<?xml version="1.0" encoding="UTF-8" ?>
<testsuite tests="12" failures="0" name="login.RunTest" time="0.09" errors="0" skipped="10">
  <properties>
    <property name="java.runtime.name" value="Java(TM) SE Runtime Environment"/>
    <property name="sun.boot.library.path" value="C:\Program Files\Java\jre1.8.0_131\bin"/>
    <property name="java.vm.version" value="25.131-b11"/>
    <property name="java.vm.vendor" value="Oracle Corporation"/>
    <property name="maven.multiModuleProjectDirectory" value="C:\Users\srishtiagarwal\newworkspace\login"/>
    <property name="java.vendor.url" value="http://java.oracle.com/"/>
    <property name="path.separator" value=";"/>
    <property name="guice.disable.misplaced.annotation.check" value="true"/>
    <property name="java.vm.name" value="Java HotSpot(TM) 64-Bit Server VM"/>
    <property name="file.encoding.pkg" value="sun.io"/>
    <property name="user.script" value=""/>
    <property name="user.country" value="IN"/>
    <property name="sun.java.launcher" value="SUN_STANDARD"/>
    <property name="sun.os.patch.level" value=""/>
    <property name="java.vm.specification.name" value="Java Virtual Machine Specification"/>
    <property name="user.dir" value="C:\Users\srishtiagarwal\newworkspace\login"/>
    <property name="java.runtime.version" value="1.8.0_131-b11"/>
    <property name="java.awt.graphicsenv" value="sun.awt.Win32GraphicsEnvironment"/>
    <property name="java.endorsed.dirs" value="C:\Program Files\Java\jre1.8.0_131\lib\endorsed"/>
    <property name="os.arch" value="amd64"/>
    <property name="java.io.tmpdir" value="C:\Users\SRISHT~1\AppData\Local\Temp\"/>
    <property name="line.separator" value="
"/>
    <property name="java.vm.specification.vendor" value="Oracle Corporation"/>
    <property name="user.variant" value=""/>
    <property name="os.name" value="Windows 10"/>
    <property name="classworlds.conf" value="C:\Users\srishtiagarwal\newworkspace\.metadata\.plugins\org.eclipse.m2e.launching\launches\m2conf16533080531837132.tmp"/>
    <property name="sun.jnu.encoding" value="Cp1252"/>
    <property name="java.library.path" value="C:\Program Files\Java\jre1.8.0_131\bin;C:\Windows\Sun\Java\bin;C:\Windows\system32;C:\Windows;C:/Program Files/Java/jre1.8.0_131/bin/server;C:/Program Files/Java/jre1.8.0_131/bin;C:/Program Files/Java/jre1.8.0_131/lib/amd64;C:\ProgramData\Oracle\Java\javapath;C:\Windows\system32;C:\Windows;C:\Windows\System32\Wbem;C:\Windows\System32\WindowsPowerShell\v1.0\;C:\Program Files (x86)\Skype\Phone\;C:\Program Files\Java\jdk1.8.0_131\bin;C:\apache-maven-3.5.0-bin\apache-maven-3.5.0\bin;C:\ProgramData\Oracle\Java\javapath;C:\Windows\system32;C:\Windows;C:\Windows\System32\Wbem;C:\Windows\System32\WindowsPowerShell\v1.0\;C:\Program Files (x86)\Skype\Phone\;C:\Program Files\Java\jdk1.8.0_131\bin;C:\apache-maven-3.5.0-bin\apache-maven-3.5.0\bin;C:\Users\srishtiagarwal\AppData\Local\Programs\Git\cmd;C:\Users\srishtiagarwal\Downloads\eclipse-jee-neon-3-win32-x86_64\eclipse;;."/>
    <property name="java.specification.name" value="Java Platform API Specification"/>
    <property name="java.class.version" value="52.0"/>
    <property name="sun.management.compiler" value="HotSpot 64-Bit Tiered Compilers"/>
    <property name="os.version" value="10.0"/>
    <property name="user.home" value="C:\Users\srishtiagarwal"/>
    <property name="user.timezone" value="Asia/Calcutta"/>
    <property name="java.awt.printerjob" value="sun.awt.windows.WPrinterJob"/>
    <property name="java.specification.version" value="1.8"/>
    <property name="file.encoding" value="Cp1252"/>
    <property name="user.name" value="srishtiagarwal"/>
    <property name="java.class.path" value="/C:/Users/srishtiagarwal/Downloads/eclipse-jee-neon-3-win32-x86_64/eclipse/plugins/org.eclipse.m2e.maven.runtime_1.7.0.20160603-1931/jars/plexus-classworlds-2.5.2.jar"/>
    <property name="java.vm.specification.version" value="1.8"/>
    <property name="sun.arch.data.model" value="64"/>
    <property name="java.home" value="C:\Program Files\Java\jre1.8.0_131"/>
    <property name="sun.java.command" value="org.codehaus.plexus.classworlds.launcher.Launcher -B install"/>
    <property name="java.specification.vendor" value="Oracle Corporation"/>
    <property name="user.language" value="en"/>
    <property name="awt.toolkit" value="sun.awt.windows.WToolkit"/>
    <property name="java.vm.info" value="mixed mode"/>
    <property name="java.version" value="1.8.0_131"/>
    <property name="java.ext.dirs" value="C:\Program Files\Java\jre1.8.0_131\lib\ext;C:\Windows\Sun\Java\lib\ext"/>
    <property name="sun.boot.class.path" value="C:\Program Files\Java\jre1.8.0_131\lib\resources.jar;C:\Program Files\Java\jre1.8.0_131\lib\rt.jar;C:\Program Files\Java\jre1.8.0_131\lib\jsse.jar;C:\Program Files\Java\jre1.8.0_131\lib\jce.jar;C:\Program Files\Java\jre1.8.0_131\lib\charsets.jar;C:\Program Files\Java\jre1.8.0_131\lib\jfr.jar;C:\Program Files\Java\jdk1.8.0_131\lib\tools.jar"/>
    <property name="java.vendor" value="Oracle Corporation"/>
    <property name="maven.home" value="C:\Users\srishtiagarwal\newworkspace\login\EMBEDDED"/>
    <property name="file.separator" value="\"/>
    <property name="java.vendor.url.bug" value="http://bugreport.sun.com/bugreport/"/>
    <property name="sun.cpu.endian" value="little"/>
    <property name="sun.io.unicode.encoding" value="UnicodeLittle"/>
    <property name="sun.desktop" value="windows"/>
    <property name="sun.cpu.isalist" value="amd64"/>
  </properties>
  <testcase classname="| srishti.13it066@abes.ac.in | apple |" name="Given I am on Gmail login page" time="0.009">
    <skipped/>
    <system-out>Feature: loginGmail

  @Smoke
  Scenario Outline: Bad login           # log.feature:19
    Given I am on Gmail login page
    When I enter username as &lt;username&gt;
    And I enter password as &lt;password&gt;
    Then Login should be Fail

    Examples: 
</system-out>
  </testcase>
  <testcase classname="| srishti.13it066@abes.ac.in | apple |" name="When I enter username as srishti.13it066@abes.ac.in" time="0.011">
    <skipped/>
  </testcase>
  <testcase classname="| srishti.13it066@abes.ac.in | apple |" name="And I enter password as apple" time="0.011">
    <skipped/>
  </testcase>
  <testcase classname="| srishti.13it066@abes.ac.in | apple |" name="Then Login should be Fail" time="0.011">
    <skipped/>
  </testcase>
  <testcase classname="| srishti.13it066@abes.ac.in | apple |" name="| srishti.13it066@abes.ac.in | apple |" time="0.011">
    <skipped/>
  </testcase>
  <testcase classname="| srishti.13it066@abes.ac.in | apple |" name="| srishti.13it066@abes.ac.in | apple |" time="0.011"/>
  <testcase classname="| srishtidrolia44@gmail.com | dhanicho |" name="Given I am on Gmail login page" time="0.003">
    <skipped/>
    <system-out>
  @Smoke
  Scenario Outline: Bad login                           # log.feature:27
    Given I am on Gmail login page
    When I enter username as srishti.13it066@abes.ac.in
    And I enter password as apple
    Then Login should be Fail
</system-out>
  </testcase>
  <testcase classname="| srishtidrolia44@gmail.com | dhanicho |" name="When I enter username as srishtidrolia44@gmail.com" time="0.003">
    <skipped/>
  </testcase>
  <testcase classname="| srishtidrolia44@gmail.com | dhanicho |" name="And I enter password as dhanicho" time="0.003">
    <skipped/>
  </testcase>
  <testcase classname="| srishtidrolia44@gmail.com | dhanicho |" name="Then Login should be Fail" time="0.005">
    <skipped/>
  </testcase>
  <testcase classname="| srishtidrolia44@gmail.com | dhanicho |" name="| srishtidrolia44@gmail.com | dhanicho |" time="0.006">
    <skipped/>
  </testcase>
  <testcase classname="| srishtidrolia44@gmail.com | dhanicho |" name="| srishtidrolia44@gmail.com | dhanicho |" time="0.006"/>
</testsuite>